========================================
= AVL -  Linear Equation Solver - GCCG =
========================================


Input File:  ../input/pent.geo.bin
========================================

Output File:  ../input/pent.geo.bin_summary.out
========================================

No. of Active Cells:  35987
========================================

Iterations Count: 546
========================================

Residual Ratio: 9.695255e-11
========================================

Addresses Solution (Minima)  	 Addresses Solution (Maxima)
===========================         ===========================
   13210 	 -0.000171 		    21854 	 0.000031
   21071 	 -0.000171 		    20839 	 0.000022
   15469 	 -0.000171 		    33664 	 0.000020
   16529 	 -0.000170 		    21852 	 0.000017
   30011 	 -0.000170 		    33788 	 0.000016
   16865 	 -0.000170 		    21877 	 0.000015
   10662 	 -0.000170 		    21855 	 0.000015
   20738 	 -0.000170 		    24115 	 0.000013
   27072 	 -0.000170 		    30239 	 0.000013
   16425 	 -0.000170 		    21636 	 0.000013
========================================
